<?xml version="1.0" encoding="UTF-8"?>
<!-- Generated by org.testng.reporters.JUnitXMLReporter -->
<testsuite ignored="0" hostname="DESKTOP-20SO9CP" failures="0" tests="1" name="Test-Runner-Chrome" time="35.409" errors="0" timestamp="2023-07-26T20:54:33 CEST">
  <testcase classname="vTiger.ContactsTest.CreateContactWithOrganizationTest" name="createContactWithOrganization" time="23.649"/>
</testsuite> <!-- Test-Runner-Chrome -->
