<?xml version="1.0" encoding="UTF-8"?>
<!-- Generated by org.testng.reporters.JUnitXMLReporter -->
<testsuite ignored="0" hostname="DESKTOP-20SO9CP" failures="0" tests="1" name="Test-Runner-1" time="57.524" errors="0" timestamp="2023-07-25T17:02:20 CEST">
  <testcase classname="vTiger.ContactsTest.CreateContactWithOrganizationTest" name="createContactWithOrganization" time="42.992"/>
</testsuite> <!-- Test-Runner-1 -->
