<?xml version="1.0" encoding="UTF-8"?>
<!-- Generated by org.testng.reporters.JUnitXMLReporter -->
<testsuite ignored="0" hostname="DESKTOP-20SO9CP" failures="0" tests="2" name="Test-Runner-2" time="49.693" errors="0" timestamp="2023-07-25T17:02:12 CEST">
  <testcase classname="vTiger.OrganizationsTest.CreateOrganizationWithIndustryAndTypeTest" name="createOrganizationWithIndustryAnstype" time="26.933"/>
  <testcase classname="vTiger.OrganizationsTest.CreateOrganizationWithIndustryAndTypeTest" name="sampletest" time="0.001"/>
</testsuite> <!-- Test-Runner-2 -->
