<?xml version="1.0" encoding="UTF-8"?>
<!-- Generated by org.testng.reporters.JUnitReportReporter -->
<testsuite hostname="DESKTOP-20SO9CP" failures="0" tests="1" name="vTiger.ReadDataFromCmdLineTest" time="0.015" errors="0" timestamp="2023-08-01T16:44:19 CEST" skipped="0">
  <testcase classname="vTiger.ReadDataFromCmdLineTest" name="read" time="0.015"/>
</testsuite> <!-- vTiger.ReadDataFromCmdLineTest -->
