<?xml version="1.0" encoding="UTF-8"?>
<!-- Generated by org.testng.reporters.JUnitReportReporter -->
<testsuite hostname="DESKTOP-20SO9CP" failures="0" tests="2" name="vTiger.OrganizationsTest.CreateOrganizationWithIndustryAndTypeTest" time="26.599" errors="0" timestamp="2023-07-26T20:49:18 CEST" skipped="0">
  <testcase classname="vTiger.OrganizationsTest.CreateOrganizationWithIndustryAndTypeTest" name="sampletest" time="7.340"/>
  <testcase classname="vTiger.OrganizationsTest.CreateOrganizationWithIndustryAndTypeTest" name="createOrganizationWithIndustryAnstype" time="19.259"/>
</testsuite> <!-- vTiger.OrganizationsTest.CreateOrganizationWithIndustryAndTypeTest -->
