<?xml version="1.0" encoding="UTF-8"?>
<!-- Generated by org.testng.reporters.JUnitReportReporter -->
<testsuite hostname="DESKTOP-20SO9CP" failures="0" tests="3" name="vTiger.DataProviderPractice" time="0.012" errors="0" timestamp="2023-07-18T16:42:40 CEST" skipped="0">
  <testcase classname="vTiger.DataProviderPractice" name="addToCartTest" time="0.002"/>
  <system-out/>
  <testcase classname="vTiger.DataProviderPractice" name="addToCartTest" time="0.001"/>
  <system-out/>
  <testcase classname="vTiger.DataProviderPractice" name="addToCartTest" time="0.009"/>
  <system-out/>
</testsuite> <!-- vTiger.DataProviderPractice -->
