<?xml version="1.0" encoding="UTF-8"?>
<!-- Generated by org.testng.reporters.JUnitReportReporter -->
<testsuite hostname="DESKTOP-20SO9CP" failures="0" tests="1" name="vTiger.PracticesTest" time="0.010" errors="0" timestamp="2023-07-24T11:51:17 CEST" skipped="0">
  <testcase classname="vTiger.PracticesTest" name="contactCreation" time="0.010"/>
</testsuite> <!-- vTiger.PracticesTest -->
