<?xml version="1.0" encoding="UTF-8"?>
<!-- Generated by org.testng.reporters.JUnitReportReporter -->
<testsuite hostname="DESKTOP-20SO9CP" failures="0" tests="1" name="vTiger.CampaignsTest.CreateCampaignWithTypeAndStatusTest" time="17.723" errors="0" timestamp="2023-07-26T20:45:06 CEST" skipped="0">
  <testcase classname="vTiger.CampaignsTest.CreateCampaignWithTypeAndStatusTest" name="createCampaignWithTypeAndStatus" time="17.723"/>
</testsuite> <!-- vTiger.CampaignsTest.CreateCampaignWithTypeAndStatusTest -->
